Started GET "/" for ::1 at 2023-09-26 17:15:20 -0700
Processing by Rails::WelcomeController#index as HTML
  Rendering /Users/alvinng/.rvm/gems/ruby-3.1.2/gems/railties-7.0.6/lib/rails/templates/rails/welcome/index.html.erb
  Rendered /Users/alvinng/.rvm/gems/ruby-3.1.2/gems/railties-7.0.6/lib/rails/templates/rails/welcome/index.html.erb (Duration: 1.1ms | Allocations: 636)
Completed 200 OK in 15ms (Views: 4.1ms | ActiveRecord: 0.0ms | Allocations: 7109)


Started GET "/urls" for ::1 at 2023-09-26 17:20:47 -0700
  
ActionController::RoutingError (uninitialized constant UrlsController

      Object.const_get(camel_cased_word)
            ^^^^^^^^^^

            raise MissingController.new(error.message, error.name)
            ^^^^^):
  
Started GET "/urls" for ::1 at 2023-09-26 17:25:12 -0700
  
AbstractController::ActionNotFound (The action 'index' could not be found for UrlsController):
  
actionpack (7.0.6) lib/abstract_controller/base.rb:146:in `process'
actionview (7.0.6) lib/action_view/rendering.rb:39:in `process'
actionpack (7.0.6) lib/action_controller/metal.rb:188:in `dispatch'
actionpack (7.0.6) lib/action_controller/metal.rb:251:in `dispatch'
actionpack (7.0.6) lib/action_dispatch/routing/route_set.rb:49:in `dispatch'
actionpack (7.0.6) lib/action_dispatch/routing/route_set.rb:32:in `serve'
actionpack (7.0.6) lib/action_dispatch/journey/router.rb:50:in `block in serve'
actionpack (7.0.6) lib/action_dispatch/journey/router.rb:32:in `each'
actionpack (7.0.6) lib/action_dispatch/journey/router.rb:32:in `serve'
actionpack (7.0.6) lib/action_dispatch/routing/route_set.rb:852:in `call'
rack (2.2.7) lib/rack/tempfile_reaper.rb:15:in `call'
rack (2.2.7) lib/rack/etag.rb:27:in `call'
rack (2.2.7) lib/rack/conditional_get.rb:27:in `call'
rack (2.2.7) lib/rack/head.rb:12:in `call'
actionpack (7.0.6) lib/action_dispatch/http/permissions_policy.rb:38:in `call'
actionpack (7.0.6) lib/action_dispatch/http/content_security_policy.rb:36:in `call'
rack (2.2.7) lib/rack/session/abstract/id.rb:266:in `context'
rack (2.2.7) lib/rack/session/abstract/id.rb:260:in `call'
actionpack (7.0.6) lib/action_dispatch/middleware/cookies.rb:704:in `call'
activerecord (7.0.6) lib/active_record/migration.rb:603:in `call'
actionpack (7.0.6) lib/action_dispatch/middleware/callbacks.rb:27:in `block in call'
activesupport (7.0.6) lib/active_support/callbacks.rb:99:in `run_callbacks'
actionpack (7.0.6) lib/action_dispatch/middleware/callbacks.rb:26:in `call'
actionpack (7.0.6) lib/action_dispatch/middleware/executor.rb:14:in `call'
actionpack (7.0.6) lib/action_dispatch/middleware/actionable_exceptions.rb:17:in `call'
actionpack (7.0.6) lib/action_dispatch/middleware/debug_exceptions.rb:28:in `call'
web-console (4.2.0) lib/web_console/middleware.rb:132:in `call_app'
web-console (4.2.0) lib/web_console/middleware.rb:28:in `block in call'
web-console (4.2.0) lib/web_console/middleware.rb:17:in `catch'
web-console (4.2.0) lib/web_console/middleware.rb:17:in `call'
actionpack (7.0.6) lib/action_dispatch/middleware/show_exceptions.rb:29:in `call'
railties (7.0.6) lib/rails/rack/logger.rb:40:in `call_app'
railties (7.0.6) lib/rails/rack/logger.rb:25:in `block in call'
activesupport (7.0.6) lib/active_support/tagged_logging.rb:99:in `block in tagged'
activesupport (7.0.6) lib/active_support/tagged_logging.rb:37:in `tagged'
activesupport (7.0.6) lib/active_support/tagged_logging.rb:99:in `tagged'
railties (7.0.6) lib/rails/rack/logger.rb:25:in `call'
sprockets-rails (3.4.2) lib/sprockets/rails/quiet_assets.rb:13:in `call'
actionpack (7.0.6) lib/action_dispatch/middleware/remote_ip.rb:93:in `call'
actionpack (7.0.6) lib/action_dispatch/middleware/request_id.rb:26:in `call'
rack (2.2.7) lib/rack/method_override.rb:24:in `call'
rack (2.2.7) lib/rack/runtime.rb:22:in `call'
activesupport (7.0.6) lib/active_support/cache/strategy/local_cache_middleware.rb:29:in `call'
actionpack (7.0.6) lib/action_dispatch/middleware/server_timing.rb:61:in `block in call'
actionpack (7.0.6) lib/action_dispatch/middleware/server_timing.rb:26:in `collect_events'
actionpack (7.0.6) lib/action_dispatch/middleware/server_timing.rb:60:in `call'
actionpack (7.0.6) lib/action_dispatch/middleware/executor.rb:14:in `call'
actionpack (7.0.6) lib/action_dispatch/middleware/static.rb:23:in `call'
rack (2.2.7) lib/rack/sendfile.rb:110:in `call'
actionpack (7.0.6) lib/action_dispatch/middleware/host_authorization.rb:137:in `call'
railties (7.0.6) lib/rails/engine.rb:530:in `call'
puma (5.6.6) lib/puma/configuration.rb:252:in `call'
puma (5.6.6) lib/puma/request.rb:77:in `block in handle_request'
puma (5.6.6) lib/puma/thread_pool.rb:340:in `with_force_shutdown'
puma (5.6.6) lib/puma/request.rb:76:in `handle_request'
puma (5.6.6) lib/puma/server.rb:443:in `process_client'
puma (5.6.6) lib/puma/thread_pool.rb:147:in `block in spawn_thread'
Started GET "/urls" for ::1 at 2023-09-26 17:26:42 -0700
Processing by UrlsController#index as HTML
Completed 406 Not Acceptable in 1ms (Allocations: 703)


  
ActionController::MissingExactTemplate (UrlsController#index is missing a template for request formats: text/html):
  
actionpack (7.0.6) lib/action_controller/metal/implicit_render.rb:45:in `default_render'
actionpack (7.0.6) lib/action_controller/metal/basic_implicit_render.rb:7:in `send_action'
actionpack (7.0.6) lib/abstract_controller/base.rb:215:in `process_action'
actionpack (7.0.6) lib/action_controller/metal/rendering.rb:165:in `process_action'
actionpack (7.0.6) lib/abstract_controller/callbacks.rb:234:in `block in process_action'
activesupport (7.0.6) lib/active_support/callbacks.rb:118:in `block in run_callbacks'
actiontext (7.0.6) lib/action_text/rendering.rb:20:in `with_renderer'
actiontext (7.0.6) lib/action_text/engine.rb:69:in `block (4 levels) in <class:Engine>'
activesupport (7.0.6) lib/active_support/callbacks.rb:127:in `instance_exec'
activesupport (7.0.6) lib/active_support/callbacks.rb:127:in `block in run_callbacks'
activesupport (7.0.6) lib/active_support/callbacks.rb:138:in `run_callbacks'
actionpack (7.0.6) lib/abstract_controller/callbacks.rb:233:in `process_action'
actionpack (7.0.6) lib/action_controller/metal/rescue.rb:23:in `process_action'
actionpack (7.0.6) lib/action_controller/metal/instrumentation.rb:67:in `block in process_action'
activesupport (7.0.6) lib/active_support/notifications.rb:206:in `block in instrument'
activesupport (7.0.6) lib/active_support/notifications/instrumenter.rb:24:in `instrument'
activesupport (7.0.6) lib/active_support/notifications.rb:206:in `instrument'
actionpack (7.0.6) lib/action_controller/metal/instrumentation.rb:66:in `process_action'
actionpack (7.0.6) lib/action_controller/metal/params_wrapper.rb:259:in `process_action'
activerecord (7.0.6) lib/active_record/railties/controller_runtime.rb:27:in `process_action'
actionpack (7.0.6) lib/abstract_controller/base.rb:151:in `process'
actionview (7.0.6) lib/action_view/rendering.rb:39:in `process'
actionpack (7.0.6) lib/action_controller/metal.rb:188:in `dispatch'
actionpack (7.0.6) lib/action_controller/metal.rb:251:in `dispatch'
actionpack (7.0.6) lib/action_dispatch/routing/route_set.rb:49:in `dispatch'
actionpack (7.0.6) lib/action_dispatch/routing/route_set.rb:32:in `serve'
actionpack (7.0.6) lib/action_dispatch/journey/router.rb:50:in `block in serve'
actionpack (7.0.6) lib/action_dispatch/journey/router.rb:32:in `each'
actionpack (7.0.6) lib/action_dispatch/journey/router.rb:32:in `serve'
actionpack (7.0.6) lib/action_dispatch/routing/route_set.rb:852:in `call'
rack (2.2.7) lib/rack/tempfile_reaper.rb:15:in `call'
rack (2.2.7) lib/rack/etag.rb:27:in `call'
rack (2.2.7) lib/rack/conditional_get.rb:27:in `call'
rack (2.2.7) lib/rack/head.rb:12:in `call'
actionpack (7.0.6) lib/action_dispatch/http/permissions_policy.rb:38:in `call'
actionpack (7.0.6) lib/action_dispatch/http/content_security_policy.rb:36:in `call'
rack (2.2.7) lib/rack/session/abstract/id.rb:266:in `context'
rack (2.2.7) lib/rack/session/abstract/id.rb:260:in `call'
actionpack (7.0.6) lib/action_dispatch/middleware/cookies.rb:704:in `call'
activerecord (7.0.6) lib/active_record/migration.rb:603:in `call'
actionpack (7.0.6) lib/action_dispatch/middleware/callbacks.rb:27:in `block in call'
activesupport (7.0.6) lib/active_support/callbacks.rb:99:in `run_callbacks'
actionpack (7.0.6) lib/action_dispatch/middleware/callbacks.rb:26:in `call'
actionpack (7.0.6) lib/action_dispatch/middleware/executor.rb:14:in `call'
actionpack (7.0.6) lib/action_dispatch/middleware/actionable_exceptions.rb:17:in `call'
actionpack (7.0.6) lib/action_dispatch/middleware/debug_exceptions.rb:28:in `call'
web-console (4.2.0) lib/web_console/middleware.rb:132:in `call_app'
web-console (4.2.0) lib/web_console/middleware.rb:28:in `block in call'
web-console (4.2.0) lib/web_console/middleware.rb:17:in `catch'
web-console (4.2.0) lib/web_console/middleware.rb:17:in `call'
actionpack (7.0.6) lib/action_dispatch/middleware/show_exceptions.rb:29:in `call'
railties (7.0.6) lib/rails/rack/logger.rb:40:in `call_app'
railties (7.0.6) lib/rails/rack/logger.rb:25:in `block in call'
activesupport (7.0.6) lib/active_support/tagged_logging.rb:99:in `block in tagged'
activesupport (7.0.6) lib/active_support/tagged_logging.rb:37:in `tagged'
activesupport (7.0.6) lib/active_support/tagged_logging.rb:99:in `tagged'
railties (7.0.6) lib/rails/rack/logger.rb:25:in `call'
sprockets-rails (3.4.2) lib/sprockets/rails/quiet_assets.rb:13:in `call'
actionpack (7.0.6) lib/action_dispatch/middleware/remote_ip.rb:93:in `call'
actionpack (7.0.6) lib/action_dispatch/middleware/request_id.rb:26:in `call'
rack (2.2.7) lib/rack/method_override.rb:24:in `call'
rack (2.2.7) lib/rack/runtime.rb:22:in `call'
activesupport (7.0.6) lib/active_support/cache/strategy/local_cache_middleware.rb:29:in `call'
actionpack (7.0.6) lib/action_dispatch/middleware/server_timing.rb:61:in `block in call'
actionpack (7.0.6) lib/action_dispatch/middleware/server_timing.rb:26:in `collect_events'
actionpack (7.0.6) lib/action_dispatch/middleware/server_timing.rb:60:in `call'
actionpack (7.0.6) lib/action_dispatch/middleware/executor.rb:14:in `call'
actionpack (7.0.6) lib/action_dispatch/middleware/static.rb:23:in `call'
rack (2.2.7) lib/rack/sendfile.rb:110:in `call'
actionpack (7.0.6) lib/action_dispatch/middleware/host_authorization.rb:137:in `call'
railties (7.0.6) lib/rails/engine.rb:530:in `call'
puma (5.6.6) lib/puma/configuration.rb:252:in `call'
puma (5.6.6) lib/puma/request.rb:77:in `block in handle_request'
puma (5.6.6) lib/puma/thread_pool.rb:340:in `with_force_shutdown'
puma (5.6.6) lib/puma/request.rb:76:in `handle_request'
puma (5.6.6) lib/puma/server.rb:443:in `process_client'
puma (5.6.6) lib/puma/thread_pool.rb:147:in `block in spawn_thread'
Started GET "/urls" for ::1 at 2023-09-26 17:27:46 -0700
Processing by UrlsController#index as HTML
  Rendering layout layouts/application.html.erb
  Rendering urls/index.html.erb within layouts/application
  Rendered urls/index.html.erb within layouts/application (Duration: 0.3ms | Allocations: 122)
  Rendered layout layouts/application.html.erb (Duration: 148.3ms | Allocations: 98309)
Completed 200 OK in 155ms (Views: 153.0ms | Allocations: 99276)


Started GET "/urls/new" for ::1 at 2023-09-26 17:28:55 -0700
  
AbstractController::ActionNotFound (The action 'new' could not be found for UrlsController):
  
actionpack (7.0.6) lib/abstract_controller/base.rb:146:in `process'
actionview (7.0.6) lib/action_view/rendering.rb:39:in `process'
actionpack (7.0.6) lib/action_controller/metal.rb:188:in `dispatch'
actionpack (7.0.6) lib/action_controller/metal.rb:251:in `dispatch'
actionpack (7.0.6) lib/action_dispatch/routing/route_set.rb:49:in `dispatch'
actionpack (7.0.6) lib/action_dispatch/routing/route_set.rb:32:in `serve'
actionpack (7.0.6) lib/action_dispatch/journey/router.rb:50:in `block in serve'
actionpack (7.0.6) lib/action_dispatch/journey/router.rb:32:in `each'
actionpack (7.0.6) lib/action_dispatch/journey/router.rb:32:in `serve'
actionpack (7.0.6) lib/action_dispatch/routing/route_set.rb:852:in `call'
rack (2.2.7) lib/rack/tempfile_reaper.rb:15:in `call'
rack (2.2.7) lib/rack/etag.rb:27:in `call'
rack (2.2.7) lib/rack/conditional_get.rb:27:in `call'
rack (2.2.7) lib/rack/head.rb:12:in `call'
actionpack (7.0.6) lib/action_dispatch/http/permissions_policy.rb:38:in `call'
actionpack (7.0.6) lib/action_dispatch/http/content_security_policy.rb:36:in `call'
rack (2.2.7) lib/rack/session/abstract/id.rb:266:in `context'
rack (2.2.7) lib/rack/session/abstract/id.rb:260:in `call'
actionpack (7.0.6) lib/action_dispatch/middleware/cookies.rb:704:in `call'
activerecord (7.0.6) lib/active_record/migration.rb:603:in `call'
actionpack (7.0.6) lib/action_dispatch/middleware/callbacks.rb:27:in `block in call'
activesupport (7.0.6) lib/active_support/callbacks.rb:99:in `run_callbacks'
actionpack (7.0.6) lib/action_dispatch/middleware/callbacks.rb:26:in `call'
actionpack (7.0.6) lib/action_dispatch/middleware/executor.rb:14:in `call'
actionpack (7.0.6) lib/action_dispatch/middleware/actionable_exceptions.rb:17:in `call'
actionpack (7.0.6) lib/action_dispatch/middleware/debug_exceptions.rb:28:in `call'
web-console (4.2.0) lib/web_console/middleware.rb:132:in `call_app'
web-console (4.2.0) lib/web_console/middleware.rb:28:in `block in call'
web-console (4.2.0) lib/web_console/middleware.rb:17:in `catch'
web-console (4.2.0) lib/web_console/middleware.rb:17:in `call'
actionpack (7.0.6) lib/action_dispatch/middleware/show_exceptions.rb:29:in `call'
railties (7.0.6) lib/rails/rack/logger.rb:40:in `call_app'
railties (7.0.6) lib/rails/rack/logger.rb:25:in `block in call'
activesupport (7.0.6) lib/active_support/tagged_logging.rb:99:in `block in tagged'
activesupport (7.0.6) lib/active_support/tagged_logging.rb:37:in `tagged'
activesupport (7.0.6) lib/active_support/tagged_logging.rb:99:in `tagged'
railties (7.0.6) lib/rails/rack/logger.rb:25:in `call'
sprockets-rails (3.4.2) lib/sprockets/rails/quiet_assets.rb:13:in `call'
actionpack (7.0.6) lib/action_dispatch/middleware/remote_ip.rb:93:in `call'
actionpack (7.0.6) lib/action_dispatch/middleware/request_id.rb:26:in `call'
rack (2.2.7) lib/rack/method_override.rb:24:in `call'
rack (2.2.7) lib/rack/runtime.rb:22:in `call'
activesupport (7.0.6) lib/active_support/cache/strategy/local_cache_middleware.rb:29:in `call'
actionpack (7.0.6) lib/action_dispatch/middleware/server_timing.rb:61:in `block in call'
actionpack (7.0.6) lib/action_dispatch/middleware/server_timing.rb:26:in `collect_events'
actionpack (7.0.6) lib/action_dispatch/middleware/server_timing.rb:60:in `call'
actionpack (7.0.6) lib/action_dispatch/middleware/executor.rb:14:in `call'
actionpack (7.0.6) lib/action_dispatch/middleware/static.rb:23:in `call'
rack (2.2.7) lib/rack/sendfile.rb:110:in `call'
actionpack (7.0.6) lib/action_dispatch/middleware/host_authorization.rb:137:in `call'
railties (7.0.6) lib/rails/engine.rb:530:in `call'
puma (5.6.6) lib/puma/configuration.rb:252:in `call'
puma (5.6.6) lib/puma/request.rb:77:in `block in handle_request'
puma (5.6.6) lib/puma/thread_pool.rb:340:in `with_force_shutdown'
puma (5.6.6) lib/puma/request.rb:76:in `handle_request'
puma (5.6.6) lib/puma/server.rb:443:in `process_client'
puma (5.6.6) lib/puma/thread_pool.rb:147:in `block in spawn_thread'
Started GET "/urls/new" for ::1 at 2023-09-26 17:29:34 -0700
Processing by UrlsController#new as HTML
  Rendering layout layouts/application.html.erb
  Rendering urls/new.html.erb within layouts/application
  Rendered urls/new.html.erb within layouts/application (Duration: 0.4ms | Allocations: 121)
  Rendered layout layouts/application.html.erb (Duration: 7.2ms | Allocations: 15501)
Completed 200 OK in 9ms (Views: 8.4ms | Allocations: 16547)


  [1m[35m (0.9ms)[0m  [1m[35mCREATE TABLE "schema_migrations" ("version" varchar NOT NULL PRIMARY KEY)[0m
  [1m[35m (0.6ms)[0m  [1m[35mCREATE TABLE "ar_internal_metadata" ("key" varchar NOT NULL PRIMARY KEY, "value" varchar, "created_at" datetime(6) NOT NULL, "updated_at" datetime(6) NOT NULL)[0m
  [1m[36mActiveRecord::SchemaMigration Pluck (0.0ms)[0m  [1m[34mSELECT "schema_migrations"."version" FROM "schema_migrations" ORDER BY "schema_migrations"."version" ASC[0m
Migrating to CreateUrls (20230927003142)
  [1m[36mTRANSACTION (0.0ms)[0m  [1m[36mbegin transaction[0m
  [1m[35m (0.2ms)[0m  [1m[35mCREATE TABLE "urls" ("id" integer PRIMARY KEY AUTOINCREMENT NOT NULL, "shortURL" varchar, "longURL" varchar, "created_at" datetime(6) NOT NULL, "updated_at" datetime(6) NOT NULL)[0m
  [1m[36mActiveRecord::SchemaMigration Create (0.1ms)[0m  [1m[32mINSERT INTO "schema_migrations" ("version") VALUES (?)[0m  [["version", "20230927003142"]]
  [1m[36mTRANSACTION (0.4ms)[0m  [1m[36mcommit transaction[0m
  [1m[36mActiveRecord::InternalMetadata Load (0.1ms)[0m  [1m[34mSELECT "ar_internal_metadata".* FROM "ar_internal_metadata" WHERE "ar_internal_metadata"."key" = ? LIMIT ?[0m  [["key", "environment"], ["LIMIT", 1]]
  [1m[36mTRANSACTION (0.0ms)[0m  [1m[36mbegin transaction[0m
  [1m[36mActiveRecord::InternalMetadata Create (0.1ms)[0m  [1m[32mINSERT INTO "ar_internal_metadata" ("key", "value", "created_at", "updated_at") VALUES (?, ?, ?, ?)[0m  [["key", "environment"], ["value", "development"], ["created_at", "2023-09-27 00:33:29.699140"], ["updated_at", "2023-09-27 00:33:29.699140"]]
  [1m[36mTRANSACTION (0.3ms)[0m  [1m[36mcommit transaction[0m
  [1m[36mActiveRecord::SchemaMigration Pluck (0.0ms)[0m  [1m[34mSELECT "schema_migrations"."version" FROM "schema_migrations" ORDER BY "schema_migrations"."version" ASC[0m
  [1m[36mActiveRecord::SchemaMigration Pluck (0.1ms)[0m  [1m[34mSELECT "schema_migrations"."version" FROM "schema_migrations" ORDER BY "schema_migrations"."version" ASC[0m
Migrating to CreateUsers (20230927003721)
  [1m[36mTRANSACTION (0.0ms)[0m  [1m[36mbegin transaction[0m
  [1m[35m (0.2ms)[0m  [1m[35mCREATE TABLE "users" ("id" integer PRIMARY KEY AUTOINCREMENT NOT NULL, "email" varchar, "password" varchar, "created_at" datetime(6) NOT NULL, "updated_at" datetime(6) NOT NULL)[0m
  [1m[36mActiveRecord::SchemaMigration Create (0.1ms)[0m  [1m[32mINSERT INTO "schema_migrations" ("version") VALUES (?)[0m  [["version", "20230927003721"]]
  [1m[36mTRANSACTION (0.5ms)[0m  [1m[36mcommit transaction[0m
  [1m[36mActiveRecord::InternalMetadata Load (0.1ms)[0m  [1m[34mSELECT "ar_internal_metadata".* FROM "ar_internal_metadata" WHERE "ar_internal_metadata"."key" = ? LIMIT ?[0m  [["key", "environment"], ["LIMIT", 1]]
  [1m[36mActiveRecord::SchemaMigration Pluck (0.1ms)[0m  [1m[34mSELECT "schema_migrations"."version" FROM "schema_migrations" ORDER BY "schema_migrations"."version" ASC[0m
  [1m[36mActiveRecord::SchemaMigration Pluck (0.1ms)[0m  [1m[34mSELECT "schema_migrations"."version" FROM "schema_migrations" ORDER BY "schema_migrations"."version" ASC[0m
Migrating to AddUsersToUrl (20230927004029)
  [1m[36mTRANSACTION (0.0ms)[0m  [1m[36mbegin transaction[0m
  [1m[35m (0.3ms)[0m  [1m[35mALTER TABLE "urls" ADD "user_id" integer[0m
  [1m[35m (0.0ms)[0m  [1m[35mCREATE INDEX "index_urls_on_user_id" ON "urls" ("user_id")[0m
  [1m[36mActiveRecord::SchemaMigration Create (0.1ms)[0m  [1m[32mINSERT INTO "schema_migrations" ("version") VALUES (?)[0m  [["version", "20230927004029"]]
  [1m[36mTRANSACTION (0.5ms)[0m  [1m[36mcommit transaction[0m
  [1m[36mActiveRecord::InternalMetadata Load (0.1ms)[0m  [1m[34mSELECT "ar_internal_metadata".* FROM "ar_internal_metadata" WHERE "ar_internal_metadata"."key" = ? LIMIT ?[0m  [["key", "environment"], ["LIMIT", 1]]
  [1m[36mActiveRecord::SchemaMigration Pluck (0.0ms)[0m  [1m[34mSELECT "schema_migrations"."version" FROM "schema_migrations" ORDER BY "schema_migrations"."version" ASC[0m
  [1m[36mActiveRecord::SchemaMigration Pluck (0.1ms)[0m  [1m[34mSELECT "schema_migrations"."version" FROM "schema_migrations" ORDER BY "schema_migrations"."version" ASC[0m
  [1m[36mActiveRecord::SchemaMigration Pluck (0.1ms)[0m  [1m[34mSELECT "schema_migrations"."version" FROM "schema_migrations" ORDER BY "schema_migrations"."version" ASC[0m
  [1m[36mActiveRecord::SchemaMigration Pluck (0.1ms)[0m  [1m[34mSELECT "schema_migrations"."version" FROM "schema_migrations" ORDER BY "schema_migrations"."version" ASC[0m
  [1m[36mUser Load (0.0ms)[0m  [1m[34mSELECT "users".* FROM "users"[0m
  [1m[36mTRANSACTION (0.0ms)[0m  [1m[36mbegin transaction[0m
  [1m[36mUser Create (0.2ms)[0m  [1m[32mINSERT INTO "users" ("email", "password", "created_at", "updated_at") VALUES (?, ?, ?, ?)[0m  [["email", "v@k.ca"], ["password", "[FILTERED]"], ["created_at", "2023-09-27 00:43:49.435401"], ["updated_at", "2023-09-27 00:43:49.435401"]]
  [1m[36mTRANSACTION (0.4ms)[0m  [1m[36mcommit transaction[0m
  [1m[36mTRANSACTION (0.0ms)[0m  [1m[36mbegin transaction[0m
  [1m[36mUser Create (0.2ms)[0m  [1m[32mINSERT INTO "users" ("email", "password", "created_at", "updated_at") VALUES (?, ?, ?, ?)[0m  [["email", "ab@c.ca"], ["password", "[FILTERED]"], ["created_at", "2023-09-27 00:43:49.437704"], ["updated_at", "2023-09-27 00:43:49.437704"]]
  [1m[36mTRANSACTION (0.3ms)[0m  [1m[36mcommit transaction[0m
  [1m[36mTRANSACTION (0.0ms)[0m  [1m[36mbegin transaction[0m
  [1m[36mUser Create (0.2ms)[0m  [1m[32mINSERT INTO "users" ("email", "password", "created_at", "updated_at") VALUES (?, ?, ?, ?)[0m  [["email", "john@gmail.ca"], ["password", "[FILTERED]"], ["created_at", "2023-09-27 00:43:49.439401"], ["updated_at", "2023-09-27 00:43:49.439401"]]
  [1m[36mTRANSACTION (0.3ms)[0m  [1m[36mcommit transaction[0m
  [1m[36mUrl Load (0.1ms)[0m  [1m[34mSELECT "urls".* FROM "urls"[0m
  [1m[36mTRANSACTION (0.0ms)[0m  [1m[36mbegin transaction[0m
  [1m[36mUrl Create (0.3ms)[0m  [1m[32mINSERT INTO "urls" ("shortURL", "longURL", "created_at", "updated_at", "user_id") VALUES (?, ?, ?, ?, ?)[0m  [["shortURL", "Asc45df"], ["longURL", "www.google.ca"], ["created_at", "2023-09-27 00:43:49.444744"], ["updated_at", "2023-09-27 00:43:49.444744"], ["user_id", 1]]
  [1m[36mTRANSACTION (0.5ms)[0m  [1m[36mcommit transaction[0m
  [1m[36mTRANSACTION (0.0ms)[0m  [1m[36mbegin transaction[0m
  [1m[36mUrl Create (0.3ms)[0m  [1m[32mINSERT INTO "urls" ("shortURL", "longURL", "created_at", "updated_at", "user_id") VALUES (?, ?, ?, ?, ?)[0m  [["shortURL", "Bsdfdf"], ["longURL", "www.twitter.com"], ["created_at", "2023-09-27 00:43:49.447681"], ["updated_at", "2023-09-27 00:43:49.447681"], ["user_id", 1]]
  [1m[36mTRANSACTION (0.4ms)[0m  [1m[36mcommit transaction[0m
  [1m[36mTRANSACTION (0.0ms)[0m  [1m[36mbegin transaction[0m
  [1m[36mUrl Create (0.2ms)[0m  [1m[32mINSERT INTO "urls" ("shortURL", "longURL", "created_at", "updated_at", "user_id") VALUES (?, ?, ?, ?, ?)[0m  [["shortURL", "CCsd5"], ["longURL", "www.reddit.com"], ["created_at", "2023-09-27 00:43:49.450484"], ["updated_at", "2023-09-27 00:43:49.450484"], ["user_id", 1]]
  [1m[36mTRANSACTION (0.3ms)[0m  [1m[36mcommit transaction[0m
  [1m[36mTRANSACTION (0.0ms)[0m  [1m[36mbegin transaction[0m
  [1m[36mUrl Create (0.1ms)[0m  [1m[32mINSERT INTO "urls" ("shortURL", "longURL", "created_at", "updated_at", "user_id") VALUES (?, ?, ?, ?, ?)[0m  [["shortURL", "asd2323"], ["longURL", "www.apple.ca"], ["created_at", "2023-09-27 00:43:49.452053"], ["updated_at", "2023-09-27 00:43:49.452053"], ["user_id", 2]]
  [1m[36mTRANSACTION (0.2ms)[0m  [1m[36mcommit transaction[0m
  [1m[36mTRANSACTION (0.0ms)[0m  [1m[36mbegin transaction[0m
  [1m[36mUrl Create (0.2ms)[0m  [1m[32mINSERT INTO "urls" ("shortURL", "longURL", "created_at", "updated_at", "user_id") VALUES (?, ?, ?, ?, ?)[0m  [["shortURL", "ddd34f"], ["longURL", "www.wallmart.com"], ["created_at", "2023-09-27 00:43:49.453347"], ["updated_at", "2023-09-27 00:43:49.453347"], ["user_id", 2]]
  [1m[36mTRANSACTION (0.3ms)[0m  [1m[36mcommit transaction[0m
  [1m[36mTRANSACTION (0.0ms)[0m  [1m[36mbegin transaction[0m
  [1m[36mUrl Create (0.2ms)[0m  [1m[32mINSERT INTO "urls" ("shortURL", "longURL", "created_at", "updated_at", "user_id") VALUES (?, ?, ?, ?, ?)[0m  [["shortURL", "fff3f3"], ["longURL", "www.reddit.com"], ["created_at", "2023-09-27 00:43:49.454945"], ["updated_at", "2023-09-27 00:43:49.454945"], ["user_id", 2]]
  [1m[36mTRANSACTION (0.3ms)[0m  [1m[36mcommit transaction[0m
  [1m[36mTRANSACTION (0.0ms)[0m  [1m[36mbegin transaction[0m
  [1m[36mUrl Create (0.1ms)[0m  [1m[32mINSERT INTO "urls" ("shortURL", "longURL", "created_at", "updated_at", "user_id") VALUES (?, ?, ?, ?, ?)[0m  [["shortURL", "r3twe5"], ["longURL", "www.youtube.com"], ["created_at", "2023-09-27 00:43:49.456569"], ["updated_at", "2023-09-27 00:43:49.456569"], ["user_id", 2]]
  [1m[36mTRANSACTION (0.4ms)[0m  [1m[36mcommit transaction[0m
  [1m[36mTRANSACTION (0.0ms)[0m  [1m[36mbegin transaction[0m
  [1m[36mUrl Create (0.1ms)[0m  [1m[32mINSERT INTO "urls" ("shortURL", "longURL", "created_at", "updated_at", "user_id") VALUES (?, ?, ?, ?, ?)[0m  [["shortURL", "sfsfsf"], ["longURL", "www.example.com"], ["created_at", "2023-09-27 00:43:49.458090"], ["updated_at", "2023-09-27 00:43:49.458090"], ["user_id", 2]]
  [1m[36mTRANSACTION (0.3ms)[0m  [1m[36mcommit transaction[0m
Started GET "/urls/new" for ::1 at 2023-09-26 17:45:06 -0700
  [1m[36mActiveRecord::SchemaMigration Pluck (0.1ms)[0m  [1m[34mSELECT "schema_migrations"."version" FROM "schema_migrations" ORDER BY "schema_migrations"."version" ASC[0m
Processing by UrlsController#new as HTML
  Rendering layout layouts/application.html.erb
  Rendering urls/new.html.erb within layouts/application
  Rendered urls/new.html.erb within layouts/application (Duration: 0.2ms | Allocations: 126)
  Rendered layout layouts/application.html.erb (Duration: 6.3ms | Allocations: 15456)
Completed 200 OK in 8ms (Views: 7.3ms | ActiveRecord: 0.0ms | Allocations: 16529)


Started GET "/urls" for ::1 at 2023-09-26 18:09:19 -0700
Processing by UrlsController#index as HTML
  Rendering layout layouts/application.html.erb
  Rendering urls/index.html.erb within layouts/application
  Rendered urls/index.html.erb within layouts/application (Duration: 0.3ms | Allocations: 103)
  Rendered layout layouts/application.html.erb (Duration: 2.4ms | Allocations: 2631)
Completed 200 OK in 4ms (Views: 2.8ms | Allocations: 2967)


Started GET "/urls" for ::1 at 2023-09-26 18:12:38 -0700
Processing by UrlsController#index as HTML
  Rendering layout layouts/application.html.erb
  Rendering urls/index.html.erb within layouts/application
  [1m[36mUrl Load (0.0ms)[0m  [1m[34mSELECT "urls".* FROM "urls"[0m
  ↳ app/views/urls/index.html.erb:3
  Rendered urls/index.html.erb within layouts/application (Duration: 4.8ms | Allocations: 6019)
  Rendered layout layouts/application.html.erb (Duration: 12.9ms | Allocations: 21412)
Completed 200 OK in 16ms (Views: 14.0ms | ActiveRecord: 0.3ms | Allocations: 23197)


Started GET "/urls/new" for ::1 at 2023-09-26 18:14:12 -0700
Processing by UrlsController#new as HTML
  Rendering layout layouts/application.html.erb
  Rendering urls/new.html.erb within layouts/application
  Rendered urls/new.html.erb within layouts/application (Duration: 0.3ms | Allocations: 96)
  Rendered layout layouts/application.html.erb (Duration: 2.2ms | Allocations: 2598)
Completed 200 OK in 3ms (Views: 2.5ms | ActiveRecord: 0.0ms | Allocations: 2973)


Started GET "/urls/new" for ::1 at 2023-09-26 18:14:25 -0700
Processing by UrlsController#new as HTML
  Rendering layout layouts/application.html.erb
  Rendering urls/new.html.erb within layouts/application
  Rendered urls/new.html.erb within layouts/application (Duration: 0.2ms | Allocations: 122)
  Rendered layout layouts/application.html.erb (Duration: 2.5ms | Allocations: 3090)
Completed 200 OK in 4ms (Views: 3.4ms | ActiveRecord: 0.0ms | Allocations: 4002)


Started GET "/urls/new" for ::1 at 2023-09-26 18:16:43 -0700
Processing by UrlsController#new as HTML
  Rendering layout layouts/application.html.erb
  Rendering urls/new.html.erb within layouts/application
  Rendered urls/new.html.erb within layouts/application (Duration: 0.2ms | Allocations: 127)
  Rendered layout layouts/application.html.erb (Duration: 11.0ms | Allocations: 15489)
Completed 200 OK in 12ms (Views: 11.8ms | Allocations: 16534)


Started POST "/urls" for ::1 at 2023-09-26 18:17:12 -0700
Processing by UrlsController#create as TURBO_STREAM
  Parameters: {"longURL"=>"www.google.ca"}
No template found for UrlsController#create, rendering head :no_content
Completed 204 No Content in 1ms (Allocations: 790)


Started POST "/urls" for ::1 at 2023-09-26 18:19:22 -0700
Processing by UrlsController#create as TURBO_STREAM
  Parameters: {"longURL"=>"www.google.ca", "shortURL"=>"sadjkfhkj2"}
No template found for UrlsController#create, rendering head :no_content
Completed 204 No Content in 5ms (Allocations: 343)


Started GET "/urls/new" for ::1 at 2023-09-26 18:21:02 -0700
Processing by UrlsController#new as HTML
  Rendering layout layouts/application.html.erb
  Rendering urls/new.html.erb within layouts/application
  Rendered urls/new.html.erb within layouts/application (Duration: 0.5ms | Allocations: 1161)
  Rendered layout layouts/application.html.erb (Duration: 0.7ms | Allocations: 1250)
Completed 500 Internal Server Error in 4ms (Allocations: 2205)


  
ActionView::SyntaxErrorInTemplate (Encountered a syntax error while rendering template: check <h1> Add new URLs</h1>

<form action="/urls" method="POST">
  <p>Enter a url: <input type="text" name="longURL"> </p>
  <button>Submit</button>
</form>

<%= form_for Url.new do |form| %>
  <p> Enter a URL: <%= form.text_field :longURL %>
  <%= form.submit 'Button' %>
<%= end %>
):
1:    <h1> Add new URLs</h1>
2:    
3:    <form action="/urls" method="POST">
4:      <p>Enter a url: <input type="text" name="longURL"> </p>
5:      <button>Submit</button>
6:    </form>
7:    
8:    <%= form_for Url.new do |form| %>
9:      <p> Enter a URL: <%= form.text_field :longURL %>
10:      <%= form.submit 'Button' %>
11:    <%= end %>
  
app/views/urls/new.html.erb:11: syntax error, unexpected `end'
app/views/urls/new.html.erb:13: syntax error, unexpected `end', expecting ')'
app/views/urls/new.html.erb:11: syntax error, unexpected `end'
app/views/urls/new.html.erb:13: syntax error, unexpected `end', expecting ')'
app/views/urls/new.html.erb:11: syntax error, unexpected `end'
app/views/urls/new.html.erb:13: syntax error, unexpected `end', expecting ')'
app/views/urls/new.html.erb:11: syntax error, unexpected `end'
app/views/urls/new.html.erb:13: syntax error, unexpected `end', expecting ')'
app/views/urls/new.html.erb:11: syntax error, unexpected `end'
app/views/urls/new.html.erb:13: syntax error, unexpected `end', expecting ')'
app/views/urls/new.html.erb:11: syntax error, unexpected `end'
app/views/urls/new.html.erb:13: syntax error, unexpected `end', expecting ')'
Started GET "/urls/new" for ::1 at 2023-09-26 18:21:08 -0700
Processing by UrlsController#new as HTML
  Rendering layout layouts/application.html.erb
  Rendering urls/new.html.erb within layouts/application
  Rendered urls/new.html.erb within layouts/application (Duration: 9.7ms | Allocations: 6473)
  Rendered layout layouts/application.html.erb (Duration: 20.0ms | Allocations: 21644)
Completed 200 OK in 24ms (Views: 22.4ms | ActiveRecord: 0.4ms | Allocations: 22563)


Started POST "/urls" for ::1 at 2023-09-26 18:22:21 -0700
Processing by UrlsController#create as TURBO_STREAM
  Parameters: {"authenticity_token"=>"[FILTERED]", "url"=>{"longURL"=>"www.google.ca"}, "commit"=>"Button"}
No template found for UrlsController#create, rendering head :no_content
Completed 204 No Content in 1ms (Allocations: 787)


Started POST "/urls" for ::1 at 2023-09-26 18:22:59 -0700
Processing by UrlsController#create as TURBO_STREAM
  Parameters: {"authenticity_token"=>"[FILTERED]", "url"=>{"longURL"=>"www.google.ca"}, "commit"=>"Button"}
No template found for UrlsController#create, rendering head :no_content
Completed 204 No Content in 1ms (Allocations: 552)


Started GET "/urls/new" for ::1 at 2023-09-26 18:25:40 -0700
Processing by UrlsController#new as HTML
  Rendering layout layouts/application.html.erb
  Rendering urls/new.html.erb within layouts/application
  Rendered urls/new.html.erb within layouts/application (Duration: 3.2ms | Allocations: 3338)
  Rendered layout layouts/application.html.erb (Duration: 10.8ms | Allocations: 18259)
Completed 200 OK in 12ms (Views: 11.4ms | ActiveRecord: 0.3ms | Allocations: 18890)


Started POST "/urls" for ::1 at 2023-09-26 18:25:44 -0700
Processing by UrlsController#create as TURBO_STREAM
  Parameters: {"authenticity_token"=>"[FILTERED]", "url"=>{"longURL"=>"www.google.ca"}, "commit"=>"Button"}
  [1m[36mTRANSACTION (0.1ms)[0m  [1m[36mbegin transaction[0m
  ↳ app/controllers/urls_controller.rb:15:in `create'
  [1m[36mUrl Create (0.5ms)[0m  [1m[32mINSERT INTO "urls" ("shortURL", "longURL", "created_at", "updated_at", "user_id") VALUES (?, ?, ?, ?, ?)[0m  [["shortURL", "sjsjsjsjssj"], ["longURL", "www.google.ca"], ["created_at", "2023-09-27 01:25:44.498092"], ["updated_at", "2023-09-27 01:25:44.498092"], ["user_id", nil]]
  ↳ app/controllers/urls_controller.rb:15:in `create'
  [1m[36mTRANSACTION (0.6ms)[0m  [1m[36mcommit transaction[0m
  ↳ app/controllers/urls_controller.rb:15:in `create'
Redirected to http://localhost:3000/urls
Completed 302 Found in 13ms (ActiveRecord: 1.1ms | Allocations: 3805)


Started GET "/urls" for ::1 at 2023-09-26 18:25:44 -0700
Processing by UrlsController#index as TURBO_STREAM
  Rendering layout layouts/application.html.erb
  Rendering urls/index.html.erb within layouts/application
  [1m[36mUrl Load (0.2ms)[0m  [1m[34mSELECT "urls".* FROM "urls"[0m
  ↳ app/views/urls/index.html.erb:3
  Rendered urls/index.html.erb within layouts/application (Duration: 1.4ms | Allocations: 991)
  Rendered layout layouts/application.html.erb (Duration: 4.1ms | Allocations: 3502)
Completed 200 OK in 6ms (Views: 4.3ms | ActiveRecord: 0.2ms | Allocations: 3934)


Started GET "/urls/new" for ::1 at 2023-09-26 18:33:50 -0700
  [1m[36mActiveRecord::SchemaMigration Pluck (0.1ms)[0m  [1m[34mSELECT "schema_migrations"."version" FROM "schema_migrations" ORDER BY "schema_migrations"."version" ASC[0m
Processing by UrlsController#new as HTML
  Rendering layout layouts/application.html.erb
  Rendering urls/new.html.erb within layouts/application
  Rendered urls/new.html.erb within layouts/application (Duration: 7.4ms | Allocations: 7195)
  Rendered layout layouts/application.html.erb (Duration: 30.4ms | Allocations: 44337)
Completed 200 OK in 36ms (Views: 31.5ms | ActiveRecord: 0.5ms | Allocations: 48480)


Started POST "/urls" for ::1 at 2023-09-26 18:33:57 -0700
Processing by UrlsController#create as TURBO_STREAM
  Parameters: {"authenticity_token"=>"[FILTERED]", "url"=>{"longURL"=>"www.facebook.com"}, "commit"=>"Button"}
  [1m[36mTRANSACTION (0.0ms)[0m  [1m[36mbegin transaction[0m
  ↳ app/controllers/urls_controller.rb:15:in `create'
  [1m[36mUrl Create (0.4ms)[0m  [1m[32mINSERT INTO "urls" ("shortURL", "longURL", "created_at", "updated_at", "user_id") VALUES (?, ?, ?, ?, ?)[0m  [["shortURL", "9UJBGZ00HNr3hA=="], ["longURL", "www.facebook.com"], ["created_at", "2023-09-27 01:33:57.661978"], ["updated_at", "2023-09-27 01:33:57.661978"], ["user_id", nil]]
  ↳ app/controllers/urls_controller.rb:15:in `create'
  [1m[36mTRANSACTION (0.7ms)[0m  [1m[36mcommit transaction[0m
  ↳ app/controllers/urls_controller.rb:15:in `create'
Redirected to http://localhost:3000/urls
Completed 302 Found in 6ms (ActiveRecord: 1.1ms | Allocations: 4000)


Started GET "/urls" for ::1 at 2023-09-26 18:33:57 -0700
Processing by UrlsController#index as TURBO_STREAM
  Rendering layout layouts/application.html.erb
  Rendering urls/index.html.erb within layouts/application
  [1m[36mUrl Load (0.1ms)[0m  [1m[34mSELECT "urls".* FROM "urls"[0m
  ↳ app/views/urls/index.html.erb:3
  Rendered urls/index.html.erb within layouts/application (Duration: 1.3ms | Allocations: 1051)
  Rendered layout layouts/application.html.erb (Duration: 3.3ms | Allocations: 3685)
Completed 200 OK in 4ms (Views: 3.5ms | ActiveRecord: 0.1ms | Allocations: 4184)


Started GET "/urls/new" for ::1 at 2023-09-26 18:34:03 -0700
Processing by UrlsController#new as HTML
  Rendering layout layouts/application.html.erb
  Rendering urls/new.html.erb within layouts/application
  Rendered urls/new.html.erb within layouts/application (Duration: 0.8ms | Allocations: 569)
  Rendered layout layouts/application.html.erb (Duration: 2.7ms | Allocations: 2909)
Completed 200 OK in 5ms (Views: 3.5ms | ActiveRecord: 0.0ms | Allocations: 3176)


Started POST "/urls" for ::1 at 2023-09-26 18:34:07 -0700
Processing by UrlsController#create as TURBO_STREAM
  Parameters: {"authenticity_token"=>"[FILTERED]", "url"=>{"longURL"=>"www.google.ca"}, "commit"=>"Button"}
  [1m[36mTRANSACTION (0.1ms)[0m  [1m[36mbegin transaction[0m
  ↳ app/controllers/urls_controller.rb:15:in `create'
  [1m[36mUrl Create (0.8ms)[0m  [1m[32mINSERT INTO "urls" ("shortURL", "longURL", "created_at", "updated_at", "user_id") VALUES (?, ?, ?, ?, ?)[0m  [["shortURL", "1SYl5np3ZJabrg=="], ["longURL", "www.google.ca"], ["created_at", "2023-09-27 01:34:07.943438"], ["updated_at", "2023-09-27 01:34:07.943438"], ["user_id", nil]]
  ↳ app/controllers/urls_controller.rb:15:in `create'
  [1m[36mTRANSACTION (1.3ms)[0m  [1m[36mcommit transaction[0m
  ↳ app/controllers/urls_controller.rb:15:in `create'
Redirected to http://localhost:3000/urls
Completed 302 Found in 9ms (ActiveRecord: 2.2ms | Allocations: 2126)


Started GET "/urls" for ::1 at 2023-09-26 18:34:07 -0700
Processing by UrlsController#index as TURBO_STREAM
  Rendering layout layouts/application.html.erb
  Rendering urls/index.html.erb within layouts/application
  [1m[36mUrl Load (0.2ms)[0m  [1m[34mSELECT "urls".* FROM "urls"[0m
  ↳ app/views/urls/index.html.erb:3
  Rendered urls/index.html.erb within layouts/application (Duration: 1.2ms | Allocations: 704)
  Rendered layout layouts/application.html.erb (Duration: 3.6ms | Allocations: 3206)
Completed 200 OK in 4ms (Views: 3.6ms | ActiveRecord: 0.2ms | Allocations: 3483)


Started GET "/urls" for ::1 at 2023-09-26 18:35:35 -0700
Processing by UrlsController#index as HTML
  [1m[36mUrl Load (0.1ms)[0m  [1m[34mSELECT "urls".* FROM "urls"[0m
  ↳ app/controllers/urls_controller.rb:4:in `index'
Completed 200 OK in 4ms (Views: 2.8ms | ActiveRecord: 0.4ms | Allocations: 4948)


Started GET "/urls/new" for ::1 at 2023-09-26 18:38:47 -0700
  [1m[36mActiveRecord::SchemaMigration Pluck (0.1ms)[0m  [1m[34mSELECT "schema_migrations"."version" FROM "schema_migrations" ORDER BY "schema_migrations"."version" ASC[0m
Processing by UrlsController#new as HTML
  Rendering layout layouts/application.html.erb
  Rendering urls/new.html.erb within layouts/application
  Rendered urls/new.html.erb within layouts/application (Duration: 6.1ms | Allocations: 7205)
  Rendered layout layouts/application.html.erb (Duration: 28.9ms | Allocations: 43531)
Completed 200 OK in 35ms (Views: 30.6ms | ActiveRecord: 0.2ms | Allocations: 47672)


Started POST "/urls" for ::1 at 2023-09-26 18:38:55 -0700
Processing by UrlsController#create as TURBO_STREAM
  Parameters: {"authenticity_token"=>"[FILTERED]", "url"=>{"longURL"=>"www.youtube.com"}, "commit"=>"Button"}
Completed 500 Internal Server Error in 3ms (ActiveRecord: 0.0ms | Allocations: 1572)


  
LoadError (dlopen(/Users/alvinng/.rvm/gems/ruby-3.1.2/gems/byebug-11.1.3/lib/byebug/byebug.bundle, 0x0009): tried: '/Users/alvinng/.rvm/gems/ruby-3.1.2/gems/byebug-11.1.3/lib/byebug/byebug.bundle' (mach-o file, but is an incompatible architecture (have 'x86_64', need 'arm64')), '/System/Volumes/Preboot/Cryptexes/OS/Users/alvinng/.rvm/gems/ruby-3.1.2/gems/byebug-11.1.3/lib/byebug/byebug.bundle' (no such file), '/Users/alvinng/.rvm/gems/ruby-3.1.2/gems/byebug-11.1.3/lib/byebug/byebug.bundle' (mach-o file, but is an incompatible architecture (have 'x86_64', need 'arm64')) - /Users/alvinng/.rvm/gems/ruby-3.1.2/gems/byebug-11.1.3/lib/byebug/byebug.bundle):
  
app/controllers/urls_controller.rb:14:in `create'
Started POST "/urls" for ::1 at 2023-09-26 18:39:31 -0700
  [1m[36mActiveRecord::SchemaMigration Pluck (0.1ms)[0m  [1m[34mSELECT "schema_migrations"."version" FROM "schema_migrations" ORDER BY "schema_migrations"."version" ASC[0m
Processing by UrlsController#create as TURBO_STREAM
  Parameters: {"authenticity_token"=>"[FILTERED]", "url"=>{"longURL"=>"assdd"}, "commit"=>"Button"}
Completed 500 Internal Server Error in 4ms (ActiveRecord: 0.0ms | Allocations: 2726)


  
LoadError (dlopen(/Users/alvinng/.rvm/gems/ruby-3.1.2/gems/byebug-11.1.3/lib/byebug/byebug.bundle, 0x0009): tried: '/Users/alvinng/.rvm/gems/ruby-3.1.2/gems/byebug-11.1.3/lib/byebug/byebug.bundle' (mach-o file, but is an incompatible architecture (have 'x86_64', need 'arm64')), '/System/Volumes/Preboot/Cryptexes/OS/Users/alvinng/.rvm/gems/ruby-3.1.2/gems/byebug-11.1.3/lib/byebug/byebug.bundle' (no such file), '/Users/alvinng/.rvm/gems/ruby-3.1.2/gems/byebug-11.1.3/lib/byebug/byebug.bundle' (mach-o file, but is an incompatible architecture (have 'x86_64', need 'arm64')) - /Users/alvinng/.rvm/gems/ruby-3.1.2/gems/byebug-11.1.3/lib/byebug/byebug.bundle):
  
app/controllers/urls_controller.rb:14:in `create'
